<?xml version="1.0" encoding="UTF-8"?>
<testng-results ignored="0" total="1" passed="1" failed="0" skipped="0">
  <reporter-output>
  </reporter-output>
  <suite started-at="2024-10-24T18:44:38 IST" name="Default suite" finished-at="2024-10-24T18:45:07 IST" duration-ms="28856">
    <groups>
    </groups>
    <test started-at="2024-10-24T18:44:38 IST" name="Default test" finished-at="2024-10-24T18:45:07 IST" duration-ms="28856">
      <class name="testpackage.Logintest">
        <test-method is-config="true" signature="openbrowser()[pri:0, instance:testpackage.Logintest@38afe297]" started-at="2024-10-24T18:44:39 IST" name="openbrowser" finished-at="2024-10-24T18:45:02 IST" duration-ms="23964" status="PASS">
          <reporter-output>
          </reporter-output>
        </test-method> <!-- openbrowser -->
        <test-method signature="Logintest()[pri:0, instance:testpackage.Logintest@38afe297]" started-at="2024-10-24T18:45:03 IST" name="Logintest" finished-at="2024-10-24T18:45:07 IST" duration-ms="4406" status="PASS">
          <reporter-output>
          </reporter-output>
        </test-method> <!-- Logintest -->
        <test-method is-config="true" signature="closebrowser()[pri:0, instance:testpackage.Logintest@38afe297]" started-at="2024-10-24T18:45:07 IST" name="closebrowser" finished-at="2024-10-24T18:45:07 IST" duration-ms="236" status="PASS">
          <reporter-output>
          </reporter-output>
        </test-method> <!-- closebrowser -->
      </class> <!-- testpackage.Logintest -->
    </test> <!-- Default test -->
  </suite> <!-- Default suite -->
</testng-results>
