<?xml version="1.0" encoding="UTF-8"?>
<!-- Generated by org.testng.reporters.JUnitXMLReporter -->
<testsuite ignored="0" hostname="DESKTOP-H0OKICK" failures="0" tests="3" name="Test" time="65.999" errors="0" timestamp="2024-10-24T18:29:12 IST">
  <testcase classname="testpackage.Logintest" name="Logintest" time="3.679"/>
  <testcase classname="testpackage.PIMtest" name="PIMtest" time="3.637"/>
  <testcase classname="testpackage.Leavetest" name="leavetest" time="3.875"/>
</testsuite> <!-- Test -->
